#-----------------------------------------------------------
# Vivado v2020.2 (64-bit)
# SW Build 3064766 on Wed Nov 18 09:12:45 MST 2020
# IP Build 3064653 on Wed Nov 18 14:17:31 MST 2020
# Start of session at: Thu Dec  7 16:42:51 2023
# Process ID: 29340
# Current directory: C:/Users/choprak/ECE212_Chopra_Hill/Lab11/Lab11
# Command line: vivado.exe -gui_launcher_event rodinguilauncherevent26500 C:\Users\choprak\ECE212_Chopra_Hill\Lab11\Lab11\Lab11.xpr
# Log file: C:/Users/choprak/ECE212_Chopra_Hill/Lab11/Lab11/vivado.log
# Journal file: C:/Users/choprak/ECE212_Chopra_Hill/Lab11/Lab11\vivado.jou
#-----------------------------------------------------------
start_gui
open_project C:/Users/choprak/ECE212_Chopra_Hill/Lab11/Lab11/Lab11.xpr
WARNING: [filemgmt 56-3] Default IP Output Path : Could not find the directory 'C:/Users/choprak/ECE212_Chopra_Hill/Lab11/Lab11/Lab11.gen/sources_1'.
Scanning sources...
Finished scanning sources
INFO: [IP_Flow 19-234] Refreshing IP repositories
INFO: [IP_Flow 19-1704] No user IP repositories specified
INFO: [IP_Flow 19-2313] Loaded Vivado IP repository 'C:/Xilinx/Vivado/2020.2/data/ip'.
update_compile_order -fileset sources_1
launch_simulation
Command: launch_simulation 
INFO: [Vivado 12-5682] Launching behavioral simulation in 'C:/Users/choprak/ECE212_Chopra_Hill/Lab11/Lab11/Lab11.sim/sim_1/behav/xsim'
INFO: [SIM-utils-51] Simulation object is 'sim_1'
INFO: [SIM-utils-54] Inspecting design source files for 'testbench' in fileset 'sim_1'...
INFO: [SIM-utils-43] Exported 'C:/Users/choprak/ECE212_Chopra_Hill/Lab11/Lab11/Lab11.sim/sim_1/behav/xsim/memfile.dat'
INFO: [SIM-utils-43] Exported 'C:/Users/choprak/ECE212_Chopra_Hill/Lab11/Lab11/Lab11.sim/sim_1/behav/xsim/memfile.dat'
INFO: [USF-XSim-97] Finding global include files...
INFO: [USF-XSim-98] Fetching design files from 'sim_1'...
INFO: [USF-XSim-2] XSim::Compile design
INFO: [USF-XSim-61] Executing 'COMPILE and ANALYZE' step in 'C:/Users/choprak/ECE212_Chopra_Hill/Lab11/Lab11/Lab11.sim/sim_1/behav/xsim'
"xvlog --incr --relax -L uvm -prj testbench_vlog.prj"
INFO: [VRFC 10-2263] Analyzing SystemVerilog file "C:/Users/choprak/ECE212_Chopra_Hill/Lab11/sv/adder.sv" into library xil_defaultlib
INFO: [VRFC 10-311] analyzing module adder
INFO: [VRFC 10-2263] Analyzing SystemVerilog file "C:/Users/choprak/ECE212_Chopra_Hill/Lab11/sv/alu.sv" into library xil_defaultlib
INFO: [VRFC 10-311] analyzing module alu
INFO: [VRFC 10-2263] Analyzing SystemVerilog file "C:/Users/choprak/ECE212_Chopra_Hill/Lab11/sv/mips_decls_p.sv" into library xil_defaultlib
INFO: [VRFC 10-2263] Analyzing SystemVerilog file "C:/Users/choprak/ECE212_Chopra_Hill/Lab11/sv/aludec.sv" into library xil_defaultlib
INFO: [VRFC 10-311] analyzing module aludec
INFO: [VRFC 10-2263] Analyzing SystemVerilog file "C:/Users/choprak/ECE212_Chopra_Hill/Lab11/sv/controller.sv" into library xil_defaultlib
INFO: [VRFC 10-311] analyzing module controller
INFO: [VRFC 10-2263] Analyzing SystemVerilog file "C:/Users/choprak/ECE212_Chopra_Hill/Lab11/sv/datapath.sv" into library xil_defaultlib
INFO: [VRFC 10-311] analyzing module datapath
INFO: [VRFC 10-2263] Analyzing SystemVerilog file "C:/Users/choprak/ECE212_Chopra_Hill/Lab11/sv/dmem.sv" into library xil_defaultlib
INFO: [VRFC 10-311] analyzing module dmem
INFO: [VRFC 10-2263] Analyzing SystemVerilog file "C:/Users/choprak/ECE212_Chopra_Hill/Lab11/sv/imem.sv" into library xil_defaultlib
INFO: [VRFC 10-311] analyzing module imem
INFO: [VRFC 10-2263] Analyzing SystemVerilog file "C:/Users/choprak/ECE212_Chopra_Hill/Lab11/sv/maindec.sv" into library xil_defaultlib
INFO: [VRFC 10-311] analyzing module maindec
INFO: [VRFC 10-2263] Analyzing SystemVerilog file "C:/Users/choprak/ECE212_Chopra_Hill/Lab11/sv/mips.sv" into library xil_defaultlib
INFO: [VRFC 10-311] analyzing module mips
INFO: [VRFC 10-2263] Analyzing SystemVerilog file "C:/Users/choprak/ECE212_Chopra_Hill/Lab11/sv/mux2.sv" into library xil_defaultlib
INFO: [VRFC 10-311] analyzing module mux2
INFO: [VRFC 10-2263] Analyzing SystemVerilog file "C:/Users/choprak/ECE212_Chopra_Hill/Lab11/sv/pr_d_e.sv" into library xil_defaultlib
INFO: [VRFC 10-311] analyzing module pr_d_e
INFO: [VRFC 10-2263] Analyzing SystemVerilog file "C:/Users/choprak/ECE212_Chopra_Hill/Lab11/sv/pr_e_m.sv" into library xil_defaultlib
INFO: [VRFC 10-311] analyzing module pr_e_m
INFO: [VRFC 10-2263] Analyzing SystemVerilog file "C:/Users/choprak/ECE212_Chopra_Hill/Lab11/sv/pr_f_d.sv" into library xil_defaultlib
INFO: [VRFC 10-311] analyzing module pr_f_d
INFO: [VRFC 10-2263] Analyzing SystemVerilog file "C:/Users/choprak/ECE212_Chopra_Hill/Lab11/sv/pr_m_w.sv" into library xil_defaultlib
INFO: [VRFC 10-311] analyzing module pr_m_w
INFO: [VRFC 10-2263] Analyzing SystemVerilog file "C:/Users/choprak/ECE212_Chopra_Hill/Lab11/sv/pr_pc.sv" into library xil_defaultlib
INFO: [VRFC 10-311] analyzing module pr_pc
INFO: [VRFC 10-2263] Analyzing SystemVerilog file "C:/Users/choprak/ECE212_Chopra_Hill/Lab11/sv/regfile.sv" into library xil_defaultlib
INFO: [VRFC 10-311] analyzing module regfile
INFO: [VRFC 10-2263] Analyzing SystemVerilog file "C:/Users/choprak/ECE212_Chopra_Hill/Lab11/sv/signext.sv" into library xil_defaultlib
INFO: [VRFC 10-311] analyzing module signext
INFO: [VRFC 10-2263] Analyzing SystemVerilog file "C:/Users/choprak/ECE212_Chopra_Hill/Lab11/sv/sl2.sv" into library xil_defaultlib
INFO: [VRFC 10-311] analyzing module sl2
INFO: [VRFC 10-2263] Analyzing SystemVerilog file "C:/Users/choprak/ECE212_Chopra_Hill/Lab11/sv/top.sv" into library xil_defaultlib
INFO: [VRFC 10-311] analyzing module top
WARNING: [VRFC 10-3676] redeclaration of ansi port 'pc' is not allowed [C:/Users/choprak/ECE212_Chopra_Hill/Lab11/sv/top.sv:18]
INFO: [VRFC 10-2263] Analyzing SystemVerilog file "C:/Users/choprak/ECE212_Chopra_Hill/Lab11/sv/testbench.sv" into library xil_defaultlib
INFO: [VRFC 10-311] analyzing module testbench
INFO: [USF-XSim-69] 'compile' step finished in '1' seconds
INFO: [USF-XSim-3] XSim::Elaborate design
INFO: [USF-XSim-61] Executing 'ELABORATE' step in 'C:/Users/choprak/ECE212_Chopra_Hill/Lab11/Lab11/Lab11.sim/sim_1/behav/xsim'
"xelab -wto 82711b7067fd4f829dea13a38030e6bf --incr --debug typical --relax --mt 2 -L xil_defaultlib -L uvm -L unisims_ver -L unimacro_ver -L secureip --snapshot testbench_behav xil_defaultlib.testbench xil_defaultlib.glbl -log elaborate.log"
Vivado Simulator 2020.2
Copyright 1986-1999, 2001-2020 Xilinx, Inc. All Rights Reserved.
Running: C:/Xilinx/Vivado/2020.2/bin/unwrapped/win64.o/xelab.exe -wto 82711b7067fd4f829dea13a38030e6bf --incr --debug typical --relax --mt 2 -L xil_defaultlib -L uvm -L unisims_ver -L unimacro_ver -L secureip --snapshot testbench_behav xil_defaultlib.testbench xil_defaultlib.glbl -log elaborate.log 
Using 2 slave threads.
Starting static elaboration
Pass Through NonSizing Optimizer
Completed static elaboration
Starting simulation data flow analysis
WARNING: [XSIM 43-4100] "C:/Users/choprak/ECE212_Chopra_Hill/Lab11/Lab11/Lab11.sim/sim_1/behav/xsim/glbl.v" Line 6. Module glbl has a timescale but at least one module in design doesn't have timescale.
WARNING: [XSIM 43-4100] "C:/Users/choprak/ECE212_Chopra_Hill/Lab11/Lab11/Lab11.sim/sim_1/behav/xsim/glbl.v" Line 6. Module glbl has a timescale but at least one module in design doesn't have timescale.
Completed simulation data flow analysis
Time Resolution for simulation is 1ps
Compiling package xil_defaultlib.mips_decls_p
Compiling module xil_defaultlib.maindec
Compiling module xil_defaultlib.aludec
Compiling module xil_defaultlib.controller
Compiling module xil_defaultlib.pr_pc
Compiling module xil_defaultlib.adder
Compiling module xil_defaultlib.mux2(WIDTH=32)
Compiling module xil_defaultlib.pr_f_d
Compiling module xil_defaultlib.regfile
Compiling module xil_defaultlib.signext
Compiling module xil_defaultlib.sl2
Compiling module xil_defaultlib.pr_d_e
Compiling module xil_defaultlib.alu
Compiling module xil_defaultlib.mux2(WIDTH=5)
Compiling module xil_defaultlib.pr_e_m
Compiling module xil_defaultlib.pr_m_w
Compiling module xil_defaultlib.datapath
Compiling module xil_defaultlib.mips
Compiling module xil_defaultlib.imem
Compiling module xil_defaultlib.dmem
Compiling module xil_defaultlib.top
Compiling module xil_defaultlib.testbench
Compiling module xil_defaultlib.glbl
Built simulation snapshot testbench_behav

****** Webtalk v2020.2 (64-bit)
  **** SW Build 3064766 on Wed Nov 18 09:12:45 MST 2020
  **** IP Build 3064653 on Wed Nov 18 14:17:31 MST 2020
    ** Copyright 1986-2020 Xilinx, Inc. All Rights Reserved.

source C:/Users/choprak/ECE212_Chopra_Hill/Lab11/Lab11/Lab11.sim/sim_1/behav/xsim/xsim.dir/testbench_behav/webtalk/xsim_webtalk.tcl -notrace
INFO: [Common 17-206] Exiting Webtalk at Thu Dec  7 16:47:20 2023...
run_program: Time (s): cpu = 00:00:00 ; elapsed = 00:00:07 . Memory (MB): peak = 1111.285 ; gain = 0.000
INFO: [USF-XSim-69] 'elaborate' step finished in '6' seconds
INFO: [USF-XSim-4] XSim::Simulate design
INFO: [USF-XSim-61] Executing 'SIMULATE' step in 'C:/Users/choprak/ECE212_Chopra_Hill/Lab11/Lab11/Lab11.sim/sim_1/behav/xsim'
INFO: [USF-XSim-98] *** Running xsim
   with args "testbench_behav -key {Behavioral:sim_1:Functional:testbench} -tclbatch {testbench.tcl} -log {simulate.log}"
INFO: [USF-XSim-8] Loading simulator feature
Vivado Simulator 2020.2
Time resolution is 1 ps
source testbench.tcl
# set curr_wave [current_wave_config]
# if { [string length $curr_wave] == 0 } {
#   if { [llength [get_objects]] > 0} {
#     add_wave /
#     set_property needs_save false [current_wave_config]
#   } else {
#      send_msg_id Add_Wave-1 WARNING "No top level signals found. Simulator will start without a wave window. If you want to open a wave window go to 'File->New Waveform Configuration' or type 'create_wave_config' in the TCL console."
#   }
# }
# run 1000ns
ERROR: Illegal hex digit 'S' found in data of file "memfile.dat"
Simulation succeeded
$stop called at time : 420 ns : File "C:/Users/choprak/ECE212_Chopra_Hill/Lab11/sv/testbench.sv" Line 46
INFO: [USF-XSim-96] XSim completed. Design snapshot 'testbench_behav' loaded.
INFO: [USF-XSim-97] XSim simulation ran for 1000ns
launch_simulation: Time (s): cpu = 00:00:01 ; elapsed = 00:00:11 . Memory (MB): peak = 1111.285 ; gain = 0.000
relaunch_sim
Command: launch_simulation -simset sim_1 -mode behavioral
INFO: [Vivado 12-5682] Launching behavioral simulation in 'C:/Users/choprak/ECE212_Chopra_Hill/Lab11/Lab11/Lab11.sim/sim_1/behav/xsim'
INFO: [SIM-utils-51] Simulation object is 'sim_1'
INFO: [SIM-utils-54] Inspecting design source files for 'testbench' in fileset 'sim_1'...
INFO: [SIM-utils-43] Exported 'C:/Users/choprak/ECE212_Chopra_Hill/Lab11/Lab11/Lab11.sim/sim_1/behav/xsim/memfile.dat'
INFO: [SIM-utils-43] Exported 'C:/Users/choprak/ECE212_Chopra_Hill/Lab11/Lab11/Lab11.sim/sim_1/behav/xsim/memfile.dat'
INFO: [USF-XSim-97] Finding global include files...
INFO: [USF-XSim-98] Fetching design files from 'sim_1'...
INFO: [USF-XSim-2] XSim::Compile design
INFO: [USF-XSim-61] Executing 'COMPILE and ANALYZE' step in 'C:/Users/choprak/ECE212_Chopra_Hill/Lab11/Lab11/Lab11.sim/sim_1/behav/xsim'
"xvlog --incr --relax -L uvm -prj testbench_vlog.prj"
INFO: [VRFC 10-2263] Analyzing SystemVerilog file "C:/Users/choprak/ECE212_Chopra_Hill/Lab11/sv/adder.sv" into library xil_defaultlib
INFO: [VRFC 10-311] analyzing module adder
INFO: [VRFC 10-2263] Analyzing SystemVerilog file "C:/Users/choprak/ECE212_Chopra_Hill/Lab11/sv/alu.sv" into library xil_defaultlib
INFO: [VRFC 10-311] analyzing module alu
INFO: [VRFC 10-2263] Analyzing SystemVerilog file "C:/Users/choprak/ECE212_Chopra_Hill/Lab11/sv/mips_decls_p.sv" into library xil_defaultlib
INFO: [VRFC 10-2263] Analyzing SystemVerilog file "C:/Users/choprak/ECE212_Chopra_Hill/Lab11/sv/aludec.sv" into library xil_defaultlib
INFO: [VRFC 10-311] analyzing module aludec
INFO: [VRFC 10-2263] Analyzing SystemVerilog file "C:/Users/choprak/ECE212_Chopra_Hill/Lab11/sv/controller.sv" into library xil_defaultlib
INFO: [VRFC 10-311] analyzing module controller
INFO: [VRFC 10-2263] Analyzing SystemVerilog file "C:/Users/choprak/ECE212_Chopra_Hill/Lab11/sv/datapath.sv" into library xil_defaultlib
INFO: [VRFC 10-311] analyzing module datapath
INFO: [VRFC 10-2263] Analyzing SystemVerilog file "C:/Users/choprak/ECE212_Chopra_Hill/Lab11/sv/dmem.sv" into library xil_defaultlib
INFO: [VRFC 10-311] analyzing module dmem
INFO: [VRFC 10-2263] Analyzing SystemVerilog file "C:/Users/choprak/ECE212_Chopra_Hill/Lab11/sv/imem.sv" into library xil_defaultlib
INFO: [VRFC 10-311] analyzing module imem
INFO: [VRFC 10-2263] Analyzing SystemVerilog file "C:/Users/choprak/ECE212_Chopra_Hill/Lab11/sv/maindec.sv" into library xil_defaultlib
INFO: [VRFC 10-311] analyzing module maindec
INFO: [VRFC 10-2263] Analyzing SystemVerilog file "C:/Users/choprak/ECE212_Chopra_Hill/Lab11/sv/mips.sv" into library xil_defaultlib
INFO: [VRFC 10-311] analyzing module mips
INFO: [VRFC 10-2263] Analyzing SystemVerilog file "C:/Users/choprak/ECE212_Chopra_Hill/Lab11/sv/mux2.sv" into library xil_defaultlib
INFO: [VRFC 10-311] analyzing module mux2
INFO: [VRFC 10-2263] Analyzing SystemVerilog file "C:/Users/choprak/ECE212_Chopra_Hill/Lab11/sv/pr_d_e.sv" into library xil_defaultlib
INFO: [VRFC 10-311] analyzing module pr_d_e
INFO: [VRFC 10-2263] Analyzing SystemVerilog file "C:/Users/choprak/ECE212_Chopra_Hill/Lab11/sv/pr_e_m.sv" into library xil_defaultlib
INFO: [VRFC 10-311] analyzing module pr_e_m
INFO: [VRFC 10-2263] Analyzing SystemVerilog file "C:/Users/choprak/ECE212_Chopra_Hill/Lab11/sv/pr_f_d.sv" into library xil_defaultlib
INFO: [VRFC 10-311] analyzing module pr_f_d
INFO: [VRFC 10-2263] Analyzing SystemVerilog file "C:/Users/choprak/ECE212_Chopra_Hill/Lab11/sv/pr_m_w.sv" into library xil_defaultlib
INFO: [VRFC 10-311] analyzing module pr_m_w
INFO: [VRFC 10-2263] Analyzing SystemVerilog file "C:/Users/choprak/ECE212_Chopra_Hill/Lab11/sv/pr_pc.sv" into library xil_defaultlib
INFO: [VRFC 10-311] analyzing module pr_pc
INFO: [VRFC 10-2263] Analyzing SystemVerilog file "C:/Users/choprak/ECE212_Chopra_Hill/Lab11/sv/regfile.sv" into library xil_defaultlib
INFO: [VRFC 10-311] analyzing module regfile
INFO: [VRFC 10-2263] Analyzing SystemVerilog file "C:/Users/choprak/ECE212_Chopra_Hill/Lab11/sv/signext.sv" into library xil_defaultlib
INFO: [VRFC 10-311] analyzing module signext
INFO: [VRFC 10-2263] Analyzing SystemVerilog file "C:/Users/choprak/ECE212_Chopra_Hill/Lab11/sv/sl2.sv" into library xil_defaultlib
INFO: [VRFC 10-311] analyzing module sl2
INFO: [VRFC 10-2263] Analyzing SystemVerilog file "C:/Users/choprak/ECE212_Chopra_Hill/Lab11/sv/top.sv" into library xil_defaultlib
INFO: [VRFC 10-311] analyzing module top
WARNING: [VRFC 10-3676] redeclaration of ansi port 'pc' is not allowed [C:/Users/choprak/ECE212_Chopra_Hill/Lab11/sv/top.sv:18]
INFO: [VRFC 10-2263] Analyzing SystemVerilog file "C:/Users/choprak/ECE212_Chopra_Hill/Lab11/sv/testbench.sv" into library xil_defaultlib
INFO: [VRFC 10-311] analyzing module testbench
INFO: [USF-XSim-69] 'compile' step finished in '1' seconds
Command: launch_simulation -simset sim_1 -mode behavioral
INFO: [Vivado 12-5682] Launching behavioral simulation in 'C:/Users/choprak/ECE212_Chopra_Hill/Lab11/Lab11/Lab11.sim/sim_1/behav/xsim'
INFO: [USF-XSim-3] XSim::Elaborate design
INFO: [USF-XSim-61] Executing 'ELABORATE' step in 'C:/Users/choprak/ECE212_Chopra_Hill/Lab11/Lab11/Lab11.sim/sim_1/behav/xsim'
"xelab -wto 82711b7067fd4f829dea13a38030e6bf --incr --debug typical --relax --mt 2 -L xil_defaultlib -L uvm -L unisims_ver -L unimacro_ver -L secureip --snapshot testbench_behav xil_defaultlib.testbench xil_defaultlib.glbl -log elaborate.log"
Vivado Simulator 2020.2
Copyright 1986-1999, 2001-2020 Xilinx, Inc. All Rights Reserved.
Running: C:/Xilinx/Vivado/2020.2/bin/unwrapped/win64.o/xelab.exe -wto 82711b7067fd4f829dea13a38030e6bf --incr --debug typical --relax --mt 2 -L xil_defaultlib -L uvm -L unisims_ver -L unimacro_ver -L secureip --snapshot testbench_behav xil_defaultlib.testbench xil_defaultlib.glbl -log elaborate.log 
Using 2 slave threads.
Starting static elaboration
Pass Through NonSizing Optimizer
Completed static elaboration
Starting simulation data flow analysis
WARNING: [XSIM 43-4100] "C:/Users/choprak/ECE212_Chopra_Hill/Lab11/Lab11/Lab11.sim/sim_1/behav/xsim/glbl.v" Line 6. Module glbl has a timescale but at least one module in design doesn't have timescale.
WARNING: [XSIM 43-4100] "C:/Users/choprak/ECE212_Chopra_Hill/Lab11/Lab11/Lab11.sim/sim_1/behav/xsim/glbl.v" Line 6. Module glbl has a timescale but at least one module in design doesn't have timescale.
Completed simulation data flow analysis
Time Resolution for simulation is 1ps
Compiling package xil_defaultlib.mips_decls_p
Compiling module xil_defaultlib.maindec
Compiling module xil_defaultlib.aludec
Compiling module xil_defaultlib.controller
Compiling module xil_defaultlib.pr_pc
Compiling module xil_defaultlib.adder
Compiling module xil_defaultlib.mux2(WIDTH=32)
Compiling module xil_defaultlib.pr_f_d
Compiling module xil_defaultlib.regfile
Compiling module xil_defaultlib.signext
Compiling module xil_defaultlib.sl2
Compiling module xil_defaultlib.pr_d_e
Compiling module xil_defaultlib.alu
Compiling module xil_defaultlib.mux2(WIDTH=5)
Compiling module xil_defaultlib.pr_e_m
Compiling module xil_defaultlib.pr_m_w
Compiling module xil_defaultlib.datapath
Compiling module xil_defaultlib.mips
Compiling module xil_defaultlib.imem
Compiling module xil_defaultlib.dmem
Compiling module xil_defaultlib.top
Compiling module xil_defaultlib.testbench
Compiling module xil_defaultlib.glbl
Built simulation snapshot testbench_behav
INFO: [USF-XSim-69] 'elaborate' step finished in '1' seconds
Vivado Simulator 2020.2
Time resolution is 1 ps
ERROR: Illegal hex digit 'S' found in data of file "memfile.dat"
Simulation succeeded
$stop called at time : 420 ns : File "C:/Users/choprak/ECE212_Chopra_Hill/Lab11/sv/testbench.sv" Line 46
relaunch_sim: Time (s): cpu = 00:00:00 ; elapsed = 00:00:10 . Memory (MB): peak = 1111.285 ; gain = 0.000
save_wave_config {C:/Users/choprak/ECE212_Chopra_Hill/Lab11/Lab11/testbench_behav.wcfg}
add_files -fileset sim_1 -norecurse C:/Users/choprak/ECE212_Chopra_Hill/Lab11/Lab11/testbench_behav.wcfg
set_property xsim.view C:/Users/choprak/ECE212_Chopra_Hill/Lab11/Lab11/testbench_behav.wcfg [get_filesets sim_1]
close_sim
INFO: [Simtcl 6-16] Simulation closed
launch_simulation
Command: launch_simulation 
INFO: [Vivado 12-5682] Launching behavioral simulation in 'C:/Users/choprak/ECE212_Chopra_Hill/Lab11/Lab11/Lab11.sim/sim_1/behav/xsim'
INFO: [SIM-utils-51] Simulation object is 'sim_1'
INFO: [SIM-utils-54] Inspecting design source files for 'testbench' in fileset 'sim_1'...
INFO: [SIM-utils-43] Exported 'C:/Users/choprak/ECE212_Chopra_Hill/Lab11/Lab11/Lab11.sim/sim_1/behav/xsim/memfile.dat'
INFO: [SIM-utils-43] Exported 'C:/Users/choprak/ECE212_Chopra_Hill/Lab11/Lab11/Lab11.sim/sim_1/behav/xsim/memfile.dat'
INFO: [USF-XSim-97] Finding global include files...
INFO: [USF-XSim-98] Fetching design files from 'sim_1'...
INFO: [USF-XSim-2] XSim::Compile design
INFO: [USF-XSim-61] Executing 'COMPILE and ANALYZE' step in 'C:/Users/choprak/ECE212_Chopra_Hill/Lab11/Lab11/Lab11.sim/sim_1/behav/xsim'
"xvlog --incr --relax -L uvm -prj testbench_vlog.prj"
INFO: [VRFC 10-2263] Analyzing SystemVerilog file "C:/Users/choprak/ECE212_Chopra_Hill/Lab11/sv/adder.sv" into library xil_defaultlib
INFO: [VRFC 10-311] analyzing module adder
INFO: [VRFC 10-2263] Analyzing SystemVerilog file "C:/Users/choprak/ECE212_Chopra_Hill/Lab11/sv/alu.sv" into library xil_defaultlib
INFO: [VRFC 10-311] analyzing module alu
INFO: [VRFC 10-2263] Analyzing SystemVerilog file "C:/Users/choprak/ECE212_Chopra_Hill/Lab11/sv/mips_decls_p.sv" into library xil_defaultlib
INFO: [VRFC 10-2263] Analyzing SystemVerilog file "C:/Users/choprak/ECE212_Chopra_Hill/Lab11/sv/aludec.sv" into library xil_defaultlib
INFO: [VRFC 10-311] analyzing module aludec
INFO: [VRFC 10-2263] Analyzing SystemVerilog file "C:/Users/choprak/ECE212_Chopra_Hill/Lab11/sv/controller.sv" into library xil_defaultlib
INFO: [VRFC 10-311] analyzing module controller
INFO: [VRFC 10-2263] Analyzing SystemVerilog file "C:/Users/choprak/ECE212_Chopra_Hill/Lab11/sv/datapath.sv" into library xil_defaultlib
INFO: [VRFC 10-311] analyzing module datapath
INFO: [VRFC 10-2263] Analyzing SystemVerilog file "C:/Users/choprak/ECE212_Chopra_Hill/Lab11/sv/dmem.sv" into library xil_defaultlib
INFO: [VRFC 10-311] analyzing module dmem
INFO: [VRFC 10-2263] Analyzing SystemVerilog file "C:/Users/choprak/ECE212_Chopra_Hill/Lab11/sv/imem.sv" into library xil_defaultlib
INFO: [VRFC 10-311] analyzing module imem
INFO: [VRFC 10-2263] Analyzing SystemVerilog file "C:/Users/choprak/ECE212_Chopra_Hill/Lab11/sv/maindec.sv" into library xil_defaultlib
INFO: [VRFC 10-311] analyzing module maindec
INFO: [VRFC 10-2263] Analyzing SystemVerilog file "C:/Users/choprak/ECE212_Chopra_Hill/Lab11/sv/mips.sv" into library xil_defaultlib
INFO: [VRFC 10-311] analyzing module mips
INFO: [VRFC 10-2263] Analyzing SystemVerilog file "C:/Users/choprak/ECE212_Chopra_Hill/Lab11/sv/mux2.sv" into library xil_defaultlib
INFO: [VRFC 10-311] analyzing module mux2
INFO: [VRFC 10-2263] Analyzing SystemVerilog file "C:/Users/choprak/ECE212_Chopra_Hill/Lab11/sv/pr_d_e.sv" into library xil_defaultlib
INFO: [VRFC 10-311] analyzing module pr_d_e
INFO: [VRFC 10-2263] Analyzing SystemVerilog file "C:/Users/choprak/ECE212_Chopra_Hill/Lab11/sv/pr_e_m.sv" into library xil_defaultlib
INFO: [VRFC 10-311] analyzing module pr_e_m
INFO: [VRFC 10-2263] Analyzing SystemVerilog file "C:/Users/choprak/ECE212_Chopra_Hill/Lab11/sv/pr_f_d.sv" into library xil_defaultlib
INFO: [VRFC 10-311] analyzing module pr_f_d
INFO: [VRFC 10-2263] Analyzing SystemVerilog file "C:/Users/choprak/ECE212_Chopra_Hill/Lab11/sv/pr_m_w.sv" into library xil_defaultlib
INFO: [VRFC 10-311] analyzing module pr_m_w
INFO: [VRFC 10-2263] Analyzing SystemVerilog file "C:/Users/choprak/ECE212_Chopra_Hill/Lab11/sv/pr_pc.sv" into library xil_defaultlib
INFO: [VRFC 10-311] analyzing module pr_pc
INFO: [VRFC 10-2263] Analyzing SystemVerilog file "C:/Users/choprak/ECE212_Chopra_Hill/Lab11/sv/regfile.sv" into library xil_defaultlib
INFO: [VRFC 10-311] analyzing module regfile
INFO: [VRFC 10-2263] Analyzing SystemVerilog file "C:/Users/choprak/ECE212_Chopra_Hill/Lab11/sv/signext.sv" into library xil_defaultlib
INFO: [VRFC 10-311] analyzing module signext
INFO: [VRFC 10-2263] Analyzing SystemVerilog file "C:/Users/choprak/ECE212_Chopra_Hill/Lab11/sv/sl2.sv" into library xil_defaultlib
INFO: [VRFC 10-311] analyzing module sl2
INFO: [VRFC 10-2263] Analyzing SystemVerilog file "C:/Users/choprak/ECE212_Chopra_Hill/Lab11/sv/top.sv" into library xil_defaultlib
INFO: [VRFC 10-311] analyzing module top
WARNING: [VRFC 10-3676] redeclaration of ansi port 'pc' is not allowed [C:/Users/choprak/ECE212_Chopra_Hill/Lab11/sv/top.sv:18]
INFO: [VRFC 10-2263] Analyzing SystemVerilog file "C:/Users/choprak/ECE212_Chopra_Hill/Lab11/sv/testbench.sv" into library xil_defaultlib
INFO: [VRFC 10-311] analyzing module testbench
INFO: [USF-XSim-69] 'compile' step finished in '1' seconds
INFO: [USF-XSim-3] XSim::Elaborate design
INFO: [USF-XSim-61] Executing 'ELABORATE' step in 'C:/Users/choprak/ECE212_Chopra_Hill/Lab11/Lab11/Lab11.sim/sim_1/behav/xsim'
"xelab -wto 82711b7067fd4f829dea13a38030e6bf --incr --debug typical --relax --mt 2 -L xil_defaultlib -L uvm -L unisims_ver -L unimacro_ver -L secureip --snapshot testbench_behav xil_defaultlib.testbench xil_defaultlib.glbl -log elaborate.log"
Vivado Simulator 2020.2
Copyright 1986-1999, 2001-2020 Xilinx, Inc. All Rights Reserved.
Running: C:/Xilinx/Vivado/2020.2/bin/unwrapped/win64.o/xelab.exe -wto 82711b7067fd4f829dea13a38030e6bf --incr --debug typical --relax --mt 2 -L xil_defaultlib -L uvm -L unisims_ver -L unimacro_ver -L secureip --snapshot testbench_behav xil_defaultlib.testbench xil_defaultlib.glbl -log elaborate.log 
Using 2 slave threads.
Starting static elaboration
Pass Through NonSizing Optimizer
Completed static elaboration
Starting simulation data flow analysis
WARNING: [XSIM 43-4100] "C:/Users/choprak/ECE212_Chopra_Hill/Lab11/Lab11/Lab11.sim/sim_1/behav/xsim/glbl.v" Line 6. Module glbl has a timescale but at least one module in design doesn't have timescale.
WARNING: [XSIM 43-4100] "C:/Users/choprak/ECE212_Chopra_Hill/Lab11/Lab11/Lab11.sim/sim_1/behav/xsim/glbl.v" Line 6. Module glbl has a timescale but at least one module in design doesn't have timescale.
Completed simulation data flow analysis
Time Resolution for simulation is 1ps
Compiling package xil_defaultlib.mips_decls_p
Compiling module xil_defaultlib.maindec
Compiling module xil_defaultlib.aludec
Compiling module xil_defaultlib.controller
Compiling module xil_defaultlib.pr_pc
Compiling module xil_defaultlib.adder
Compiling module xil_defaultlib.mux2(WIDTH=32)
Compiling module xil_defaultlib.pr_f_d
Compiling module xil_defaultlib.regfile
Compiling module xil_defaultlib.signext
Compiling module xil_defaultlib.sl2
Compiling module xil_defaultlib.pr_d_e
Compiling module xil_defaultlib.alu
Compiling module xil_defaultlib.mux2(WIDTH=5)
Compiling module xil_defaultlib.pr_e_m
Compiling module xil_defaultlib.pr_m_w
Compiling module xil_defaultlib.datapath
Compiling module xil_defaultlib.mips
Compiling module xil_defaultlib.imem
Compiling module xil_defaultlib.dmem
Compiling module xil_defaultlib.top
Compiling module xil_defaultlib.testbench
Compiling module xil_defaultlib.glbl
Built simulation snapshot testbench_behav
INFO: [USF-XSim-69] 'elaborate' step finished in '2' seconds
INFO: [USF-XSim-4] XSim::Simulate design
INFO: [USF-XSim-61] Executing 'SIMULATE' step in 'C:/Users/choprak/ECE212_Chopra_Hill/Lab11/Lab11/Lab11.sim/sim_1/behav/xsim'
INFO: [USF-XSim-98] *** Running xsim
   with args "testbench_behav -key {Behavioral:sim_1:Functional:testbench} -tclbatch {testbench.tcl} -view {C:/Users/choprak/ECE212_Chopra_Hill/Lab11/Lab11/testbench_behav.wcfg} -log {simulate.log}"
INFO: [USF-XSim-8] Loading simulator feature
Vivado Simulator 2020.2
Time resolution is 1 ps
open_wave_config C:/Users/choprak/ECE212_Chopra_Hill/Lab11/Lab11/testbench_behav.wcfg
source testbench.tcl
# set curr_wave [current_wave_config]
# if { [string length $curr_wave] == 0 } {
#   if { [llength [get_objects]] > 0} {
#     add_wave /
#     set_property needs_save false [current_wave_config]
#   } else {
#      send_msg_id Add_Wave-1 WARNING "No top level signals found. Simulator will start without a wave window. If you want to open a wave window go to 'File->New Waveform Configuration' or type 'create_wave_config' in the TCL console."
#   }
# }
# run 1000ns
Simulation succeeded
$stop called at time : 420 ns : File "C:/Users/choprak/ECE212_Chopra_Hill/Lab11/sv/testbench.sv" Line 46
INFO: [USF-XSim-96] XSim completed. Design snapshot 'testbench_behav' loaded.
INFO: [USF-XSim-97] XSim simulation ran for 1000ns
launch_simulation: Time (s): cpu = 00:00:01 ; elapsed = 00:00:07 . Memory (MB): peak = 1221.176 ; gain = 4.570
current_wave_config {}
WARNING: [Wavedata 42-16] Error Unable to get wave configuration ''.
testbench_behav.wcfg
add_wave {{/testbench/DUV/mips/U_DP/instr_f}} 
current_wave_config {testbench_behav.wcfg}
testbench_behav.wcfg
add_wave {{/testbench/DUV/mips/U_DP/instr_d}} 
restart
INFO: [Simtcl 6-17] Simulation restarted
run all
Simulation succeeded
$stop called at time : 420 ns : File "C:/Users/choprak/ECE212_Chopra_Hill/Lab11/sv/testbench.sv" Line 46
current_wave_config {testbench_behav.wcfg}
testbench_behav.wcfg
add_wave {{/testbench/DUV/mips/U_DP/pcnext_f}} 
restart
INFO: [Simtcl 6-17] Simulation restarted
run all
Simulation succeeded
$stop called at time : 420 ns : File "C:/Users/choprak/ECE212_Chopra_Hill/Lab11/sv/testbench.sv" Line 46
save_wave_config {C:/Users/choprak/ECE212_Chopra_Hill/Lab11/Lab11/testbench_behav.wcfg}
close_sim
INFO: [Simtcl 6-16] Simulation closed
exit
INFO: [Common 17-206] Exiting Vivado at Thu Dec  7 17:34:08 2023...
