#-----------------------------------------------------------
# Vivado v2020.2 (64-bit)
# SW Build 3064766 on Wed Nov 18 09:12:45 MST 2020
# IP Build 3064653 on Wed Nov 18 14:17:31 MST 2020
# Start of session at: Thu Sep  7 16:16:29 2023
# Process ID: 12816
# Current directory: C:/Users/choprak/ECE212_Chopra_Hill/Lab01/Lab02
# Command line: vivado.exe -gui_launcher_event rodinguilauncherevent13924 C:\Users\choprak\ECE212_Chopra_Hill\Lab01\Lab02\Lab02.xpr
# Log file: C:/Users/choprak/ECE212_Chopra_Hill/Lab01/Lab02/vivado.log
# Journal file: C:/Users/choprak/ECE212_Chopra_Hill/Lab01/Lab02\vivado.jou
#-----------------------------------------------------------
start_gui
open_project C:/Users/choprak/ECE212_Chopra_Hill/Lab01/Lab02/Lab02.xpr
WARNING: [filemgmt 56-3] Default IP Output Path : Could not find the directory 'C:/Users/choprak/ECE212_Chopra_Hill/Lab01/Lab02/Lab02.gen/sources_1'.
Scanning sources...
Finished scanning sources
INFO: [IP_Flow 19-234] Refreshing IP repositories
INFO: [IP_Flow 19-1704] No user IP repositories specified
INFO: [IP_Flow 19-2313] Loaded Vivado IP repository 'C:/Xilinx/Vivado/2020.2/data/ip'.
update_compile_order -fileset sources_1
